<?xml version="1.0" encoding="UTF-8"?>
<!-- Generated by org.testng.reporters.JUnitReportReporter -->
<testsuite hostname="DESKTOP-15UU2LF" failures="0" tests="3" name="com.actitime.testscript.CustomerModule" time="0.003" errors="0" timestamp="2023-06-01T19:21:40 IST" skipped="0">
  <testcase classname="com.actitime.testscript.CustomerModule" name="createcustomer" time="0.001"/>
  <system-out>
    <![CDATA[create customer]]>
  </system-out>
  <testcase classname="com.actitime.testscript.CustomerModule" name="modifycustomer" time="0.001"/>
  <system-out>
    <![CDATA[modify customer]]>
  </system-out>
  <testcase classname="com.actitime.testscript.CustomerModule" name="deletecustomer" time="0.001"/>
  <system-out>
    <![CDATA[delete customer]]>
  </system-out>
</testsuite> <!-- com.actitime.testscript.CustomerModule -->
