<?xml version="1.0" encoding="UTF-8"?>
<!-- Generated by org.testng.reporters.JUnitReportReporter -->
<testsuite hostname="DESKTOP-15UU2LF" failures="0" tests="1" name="com.actitime.testscript.Assertverifytitle" time="5.163" errors="0" timestamp="2023-06-01T19:21:40 IST" skipped="0">
  <testcase classname="com.actitime.testscript.Assertverifytitle" name="verifytitle" time="5.163"/>
  <system-out/>
</testsuite> <!-- com.actitime.testscript.Assertverifytitle -->
