<?xml version="1.0" encoding="UTF-8"?>
<!-- Generated by org.testng.reporters.JUnitReportReporter -->
<testsuite hostname="DESKTOP-15UU2LF" failures="0" tests="3" name="UsageofDataDrivenTesting.CustomerModule" time="0.010" errors="0" timestamp="2023-05-30T19:07:29 IST" skipped="0">
  <testcase classname="UsageofDataDrivenTesting.CustomerModule" name="createcustomer" time="0.008"/>
  <system-out>
    <![CDATA[create customer]]>
  </system-out>
  <testcase classname="UsageofDataDrivenTesting.CustomerModule" name="modifycustomer" time="0.001"/>
  <system-out>
    <![CDATA[modify customer]]>
  </system-out>
  <testcase classname="UsageofDataDrivenTesting.CustomerModule" name="deletecustomer" time="0.001"/>
  <system-out>
    <![CDATA[delete customer]]>
  </system-out>
</testsuite> <!-- UsageofDataDrivenTesting.CustomerModule -->
