<?xml version="1.0" encoding="UTF-8"?>
<!-- Generated by org.testng.reporters.JUnitReportReporter -->
<testsuite hostname="DESKTOP-15UU2LF" failures="0" tests="1" name="com.actitime.testscript.ProjectModule" time="0.007" errors="0" timestamp="2023-06-01T19:21:40 IST" skipped="0">
  <testcase classname="com.actitime.testscript.ProjectModule" name="createproject" time="0.007"/>
  <system-out>
    <![CDATA[create project]]>
  </system-out>
</testsuite> <!-- com.actitime.testscript.ProjectModule -->
