<?xml version="1.0" encoding="UTF-8"?>
<!-- Generated by org.testng.reporters.JUnitReportReporter -->
<testsuite hostname="DESKTOP-15UU2LF" failures="0" tests="3" name="com.actitime.testscript.ProjectModule1" time="0.004" errors="0" timestamp="2023-06-01T19:21:40 IST" skipped="0">
  <testcase classname="com.actitime.testscript.ProjectModule1" name="createproject" time="0.002"/>
  <system-out>
    <![CDATA[create customer]]>
  </system-out>
  <testcase classname="com.actitime.testscript.ProjectModule1" name="modifyproject" time="0.001"/>
  <system-out>
    <![CDATA[modify customer]]>
  </system-out>
  <testcase classname="com.actitime.testscript.ProjectModule1" name="deleteproject" time="0.001"/>
  <system-out>
    <![CDATA[delete customer]]>
  </system-out>
</testsuite> <!-- com.actitime.testscript.ProjectModule1 -->
